{
  "RSpec": {
    "coverage": {
      "/Users/crowrising/Turing/3Mod/TakeTwo/Challenge_Week/rails_engine_fe_7/app/helpers/application_helper.rb": {
        "lines": [
          null,
          null,
          1,
          null
        ]
      },
      "/Users/crowrising/Turing/3Mod/TakeTwo/Challenge_Week/rails_engine_fe_7/app/controllers/merchants_controller.rb": {
        "lines": [
          1,
          null,
          1,
          0,
          null,
          null,
          1,
          1,
          null,
          null,
          null
        ]
      },
      "/Users/crowrising/Turing/3Mod/TakeTwo/Challenge_Week/rails_engine_fe_7/app/controllers/application_controller.rb": {
        "lines": [
          null,
          null,
          1,
          null
        ]
      },
      "/Users/crowrising/Turing/3Mod/TakeTwo/Challenge_Week/rails_engine_fe_7/app/facades/merchant_facade.rb": {
        "lines": [
          1,
          1,
          null,
          1,
          1,
          null,
          null,
          1,
          1,
          null,
          null,
          1,
          0,
          0,
          null,
          null,
          null,
          null,
          1,
          null,
          1,
          1,
          null,
          null,
          1,
          1,
          null,
          null,
          1,
          0,
          null,
          null
        ]
      },
      "/Users/crowrising/Turing/3Mod/TakeTwo/Challenge_Week/rails_engine_fe_7/app/poros/merchant.rb": {
        "lines": [
          1,
          1,
          null,
          1,
          null,
          1,
          1,
          null,
          null
        ]
      },
      "/Users/crowrising/Turing/3Mod/TakeTwo/Challenge_Week/rails_engine_fe_7/app/services/merchant_service.rb": {
        "lines": [
          null,
          null,
          1,
          1,
          0,
          null,
          null,
          1,
          1,
          null,
          null,
          1,
          0,
          null,
          null,
          1,
          null,
          1,
          1,
          null,
          null
        ]
      },
      "/Users/crowrising/Turing/3Mod/TakeTwo/Challenge_Week/rails_engine_fe_7/app/channels/application_cable/channel.rb": {
        "lines": [
          null,
          null,
          0,
          0,
          0,
          0
        ],
        "branches": {
        }
      },
      "/Users/crowrising/Turing/3Mod/TakeTwo/Challenge_Week/rails_engine_fe_7/app/channels/application_cable/connection.rb": {
        "lines": [
          null,
          null,
          0,
          0,
          0,
          0
        ],
        "branches": {
        }
      },
      "/Users/crowrising/Turing/3Mod/TakeTwo/Challenge_Week/rails_engine_fe_7/app/controllers/merchant_items_controller.rb": {
        "lines": [
          0,
          null,
          0,
          0,
          0,
          0,
          null,
          0,
          0,
          0,
          0,
          0
        ],
        "branches": {
        }
      },
      "/Users/crowrising/Turing/3Mod/TakeTwo/Challenge_Week/rails_engine_fe_7/app/facades/merchant_items_facade.rb": {
        "lines": [
          0,
          0,
          0,
          0,
          0,
          0,
          null,
          0,
          0,
          0,
          0
        ],
        "branches": {
        }
      },
      "/Users/crowrising/Turing/3Mod/TakeTwo/Challenge_Week/rails_engine_fe_7/app/facades/merchants_facade.rb": {
        "lines": [
          0,
          0,
          0,
          0,
          0,
          0,
          null,
          0,
          null,
          0,
          0,
          0,
          null,
          0,
          0,
          0,
          null,
          0
        ],
        "branches": {
        }
      },
      "/Users/crowrising/Turing/3Mod/TakeTwo/Challenge_Week/rails_engine_fe_7/app/jobs/application_job.rb": {
        "lines": [
          null,
          null,
          0,
          null,
          null,
          null,
          null,
          null,
          0
        ],
        "branches": {
        }
      },
      "/Users/crowrising/Turing/3Mod/TakeTwo/Challenge_Week/rails_engine_fe_7/app/mailers/application_mailer.rb": {
        "lines": [
          null,
          null,
          0,
          0,
          0,
          0
        ],
        "branches": {
        }
      },
      "/Users/crowrising/Turing/3Mod/TakeTwo/Challenge_Week/rails_engine_fe_7/app/models/application_record.rb": {
        "lines": [
          null,
          null,
          0,
          0,
          0
        ],
        "branches": {
        }
      },
      "/Users/crowrising/Turing/3Mod/TakeTwo/Challenge_Week/rails_engine_fe_7/app/poros/merchant_item.rb": {
        "lines": [
          0,
          0,
          0,
          0,
          0,
          0,
          null,
          0,
          0,
          0,
          0,
          0,
          0,
          0,
          0
        ],
        "branches": {
        }
      },
      "/Users/crowrising/Turing/3Mod/TakeTwo/Challenge_Week/rails_engine_fe_7/app/services/merchant_items_service.rb": {
        "lines": [
          0,
          null,
          0,
          0,
          0,
          null,
          0,
          0,
          0,
          null,
          0,
          null,
          0,
          0,
          0,
          0
        ],
        "branches": {
        }
      }
    },
    "timestamp": 1689903875
  }
}
